Determining if the pthread_create exist failed with the following output:
Change Dir: /home/arnaud/hazardous-materials/battle_sheep/build/CMakeFiles/CMakeTmp

Run Build Command:"/usr/bin/make" "cmTC_73d62/fast"
/usr/bin/make -f CMakeFiles/cmTC_73d62.dir/build.make CMakeFiles/cmTC_73d62.dir/build
make[1] : on entre dans le répertoire « /home/arnaud/hazardous-materials/battle_sheep/build/CMakeFiles/CMakeTmp »
Building C object CMakeFiles/cmTC_73d62.dir/CheckSymbolExists.c.o
/usr/bin/cc    -o CMakeFiles/cmTC_73d62.dir/CheckSymbolExists.c.o   -c /home/arnaud/hazardous-materials/battle_sheep/build/CMakeFiles/CMakeTmp/CheckSymbolExists.c
Linking C executable cmTC_73d62
/usr/bin/cmake -E cmake_link_script CMakeFiles/cmTC_73d62.dir/link.txt --verbose=1
/usr/bin/cc      -rdynamic CMakeFiles/cmTC_73d62.dir/CheckSymbolExists.c.o  -o cmTC_73d62 
CMakeFiles/cmTC_73d62.dir/CheckSymbolExists.c.o : Dans la fonction « main » :
CheckSymbolExists.c:(.text+0x1b) : référence indéfinie vers « pthread_create »
collect2: error: ld returned 1 exit status
CMakeFiles/cmTC_73d62.dir/build.make:97: recipe for target 'cmTC_73d62' failed
make[1]: *** [cmTC_73d62] Error 1
make[1] : on quitte le répertoire « /home/arnaud/hazardous-materials/battle_sheep/build/CMakeFiles/CMakeTmp »
Makefile:126: recipe for target 'cmTC_73d62/fast' failed
make: *** [cmTC_73d62/fast] Error 2

File /home/arnaud/hazardous-materials/battle_sheep/build/CMakeFiles/CMakeTmp/CheckSymbolExists.c:
/* */
#include <pthread.h>

int main(int argc, char** argv)
{
  (void)argv;
#ifndef pthread_create
  return ((int*)(&pthread_create))[argc];
#else
  (void)argc;
  return 0;
#endif
}

Determining if the function pthread_create exists in the pthreads failed with the following output:
Change Dir: /home/arnaud/hazardous-materials/battle_sheep/build/CMakeFiles/CMakeTmp

Run Build Command:"/usr/bin/make" "cmTC_7598b/fast"
/usr/bin/make -f CMakeFiles/cmTC_7598b.dir/build.make CMakeFiles/cmTC_7598b.dir/build
make[1] : on entre dans le répertoire « /home/arnaud/hazardous-materials/battle_sheep/build/CMakeFiles/CMakeTmp »
Building C object CMakeFiles/cmTC_7598b.dir/CheckFunctionExists.c.o
/usr/bin/cc   -DCHECK_FUNCTION_EXISTS=pthread_create   -o CMakeFiles/cmTC_7598b.dir/CheckFunctionExists.c.o   -c /usr/share/cmake-3.10/Modules/CheckFunctionExists.c
Linking C executable cmTC_7598b
/usr/bin/cmake -E cmake_link_script CMakeFiles/cmTC_7598b.dir/link.txt --verbose=1
/usr/bin/cc  -DCHECK_FUNCTION_EXISTS=pthread_create    -rdynamic CMakeFiles/cmTC_7598b.dir/CheckFunctionExists.c.o  -o cmTC_7598b -lpthreads 
/usr/bin/ld : ne peut trouver -lpthreads
collect2: error: ld returned 1 exit status
CMakeFiles/cmTC_7598b.dir/build.make:97: recipe for target 'cmTC_7598b' failed
make[1]: *** [cmTC_7598b] Error 1
make[1] : on quitte le répertoire « /home/arnaud/hazardous-materials/battle_sheep/build/CMakeFiles/CMakeTmp »
Makefile:126: recipe for target 'cmTC_7598b/fast' failed
make: *** [cmTC_7598b/fast] Error 2


