Determining if the pthread_create exist failed with the following output:
Change Dir: /home/arnaud/hazardous-materials/battle_sheep/CMakeFiles/CMakeTmp

Run Build Command:"/usr/bin/make" "cmTC_5d4eb/fast"
/usr/bin/make -f CMakeFiles/cmTC_5d4eb.dir/build.make CMakeFiles/cmTC_5d4eb.dir/build
make[1] : on entre dans le répertoire « /home/arnaud/hazardous-materials/battle_sheep/CMakeFiles/CMakeTmp »
Building C object CMakeFiles/cmTC_5d4eb.dir/CheckSymbolExists.c.o
/usr/bin/cc    -o CMakeFiles/cmTC_5d4eb.dir/CheckSymbolExists.c.o   -c /home/arnaud/hazardous-materials/battle_sheep/CMakeFiles/CMakeTmp/CheckSymbolExists.c
Linking C executable cmTC_5d4eb
/usr/bin/cmake -E cmake_link_script CMakeFiles/cmTC_5d4eb.dir/link.txt --verbose=1
/usr/bin/cc      -rdynamic CMakeFiles/cmTC_5d4eb.dir/CheckSymbolExists.c.o  -o cmTC_5d4eb 
CMakeFiles/cmTC_5d4eb.dir/CheckSymbolExists.c.o : Dans la fonction « main » :
CheckSymbolExists.c:(.text+0x1b) : référence indéfinie vers « pthread_create »
collect2: error: ld returned 1 exit status
CMakeFiles/cmTC_5d4eb.dir/build.make:97: recipe for target 'cmTC_5d4eb' failed
make[1]: *** [cmTC_5d4eb] Error 1
make[1] : on quitte le répertoire « /home/arnaud/hazardous-materials/battle_sheep/CMakeFiles/CMakeTmp »
Makefile:126: recipe for target 'cmTC_5d4eb/fast' failed
make: *** [cmTC_5d4eb/fast] Error 2

File /home/arnaud/hazardous-materials/battle_sheep/CMakeFiles/CMakeTmp/CheckSymbolExists.c:
/* */
#include <pthread.h>

int main(int argc, char** argv)
{
  (void)argv;
#ifndef pthread_create
  return ((int*)(&pthread_create))[argc];
#else
  (void)argc;
  return 0;
#endif
}

Determining if the function pthread_create exists in the pthreads failed with the following output:
Change Dir: /home/arnaud/hazardous-materials/battle_sheep/CMakeFiles/CMakeTmp

Run Build Command:"/usr/bin/make" "cmTC_0b70a/fast"
/usr/bin/make -f CMakeFiles/cmTC_0b70a.dir/build.make CMakeFiles/cmTC_0b70a.dir/build
make[1] : on entre dans le répertoire « /home/arnaud/hazardous-materials/battle_sheep/CMakeFiles/CMakeTmp »
Building C object CMakeFiles/cmTC_0b70a.dir/CheckFunctionExists.c.o
/usr/bin/cc   -DCHECK_FUNCTION_EXISTS=pthread_create   -o CMakeFiles/cmTC_0b70a.dir/CheckFunctionExists.c.o   -c /usr/share/cmake-3.10/Modules/CheckFunctionExists.c
Linking C executable cmTC_0b70a
/usr/bin/cmake -E cmake_link_script CMakeFiles/cmTC_0b70a.dir/link.txt --verbose=1
/usr/bin/cc  -DCHECK_FUNCTION_EXISTS=pthread_create    -rdynamic CMakeFiles/cmTC_0b70a.dir/CheckFunctionExists.c.o  -o cmTC_0b70a -lpthreads 
/usr/bin/ld : ne peut trouver -lpthreads
collect2: error: ld returned 1 exit status
CMakeFiles/cmTC_0b70a.dir/build.make:97: recipe for target 'cmTC_0b70a' failed
make[1]: *** [cmTC_0b70a] Error 1
make[1] : on quitte le répertoire « /home/arnaud/hazardous-materials/battle_sheep/CMakeFiles/CMakeTmp »
Makefile:126: recipe for target 'cmTC_0b70a/fast' failed
make: *** [cmTC_0b70a/fast] Error 2


